Using pre-set license
Built from '2021.1/staging' branch; Version is '2021.1.25f1 (b6f2b893ea32) revision 11989688'; Using compiler version '192528614'; Build Type 'Release'
OS: 'Windows 10 Home; OS build 19044.2846; Version 2009; 64bit' Language: 'en' Physical Memory: 8126 MB
BatchMode: 1, IsHumanControllingUs: 0, StartBugReporterOnCrash: 0, Is64bit: 1, IsPro: 0

COMMAND LINE ARGUMENTS:
C:\Program Files\Unity\Hub\Editor\2021.1.25f1\Editor\Unity.exe
-adb2
-batchMode
-noUpm
-name
AssetImportWorker0
-projectPath
E:/UnityProjects/TheNightRepository/The-Night/The Night
-logFile
Logs/AssetImportWorker0.log
-srvPort
58725
Successfully changed project path to: E:/UnityProjects/TheNightRepository/The-Night/The Night
E:/UnityProjects/TheNightRepository/The-Night/The Night
Using Asset Import Pipeline V2.
Refreshing native plugins compatible for Editor in 32.99 ms, found 3 plugins.
Preloading 0 native plugins for Editor in 0.00 ms.
Initialize engine version: 2021.1.25f1 (b6f2b893ea32)
[Subsystems] Discovering subsystems at path C:/Program Files/Unity/Hub/Editor/2021.1.25f1/Editor/Data/Resources/UnitySubsystems
[Subsystems] Discovering subsystems at path E:/UnityProjects/TheNightRepository/The-Night/The Night/Assets
GfxDevice: creating device client; threaded=0; jobified=0
Direct3D:
    Version:  Direct3D 11.0 [level 11.1]
    Renderer: NVIDIA GeForce GTX 1060 6GB (ID=0x1c03)
    Vendor:   NVIDIA
    VRAM:     6052 MB
    Driver:   31.0.15.1694
Initialize mono
Mono path[0] = 'C:/Program Files/Unity/Hub/Editor/2021.1.25f1/Editor/Data/Managed'
Mono path[1] = 'C:/Program Files/Unity/Hub/Editor/2021.1.25f1/Editor/Data/MonoBleedingEdge/lib/mono/unityjit'
Mono config path = 'C:/Program Files/Unity/Hub/Editor/2021.1.25f1/Editor/Data/MonoBleedingEdge/etc'
Using monoOptions --debugger-agent=transport=dt_socket,embedding=1,server=y,suspend=n,address=127.0.0.1:56416
Begin MonoManager ReloadAssembly
Registering precompiled unity dll's ...
Register platform support module: C:/Program Files/Unity/Hub/Editor/2021.1.25f1/Editor/Data/PlaybackEngines/MacStandaloneSupport/UnityEditor.OSXStandalone.Extensions.dll
Register platform support module: C:/Program Files/Unity/Hub/Editor/2021.1.25f1/Editor/Data/PlaybackEngines/WindowsStandaloneSupport/UnityEditor.WindowsStandalone.Extensions.dll
Register platform support module: C:/Program Files/Unity/Hub/Editor/2021.1.25f1/Editor/Data/PlaybackEngines/LinuxStandaloneSupport/UnityEditor.LinuxStandalone.Extensions.dll
Registered in 0.002693 seconds.
Native extension for LinuxStandalone target not found
Native extension for WindowsStandalone target not found
Native extension for OSXStandalone target not found
Refreshing native plugins compatible for Editor in 30.29 ms, found 3 plugins.
Preloading 0 native plugins for Editor in 0.00 ms.
Mono: successfully reloaded assembly
- Completed reload, in  1.883 seconds
Domain Reload Profiling:
	ReloadAssembly (1883ms)
		BeginReloadAssembly (64ms)
			ExecutionOrderSort (0ms)
			DisableScriptedObjects (0ms)
			BackupInstance (0ms)
			ReleaseScriptingObjects (0ms)
			CreateAndSetChildDomain (1ms)
		EndReloadAssembly (420ms)
			LoadAssemblies (62ms)
			RebuildTransferFunctionScriptingTraits (0ms)
			SetupTypeCache (160ms)
			ReleaseScriptCaches (0ms)
			RebuildScriptCaches (29ms)
			SetupLoadedEditorAssemblies (185ms)
				LogAssemblyErrors (0ms)
				InitializePlatformSupportModulesInManaged (9ms)
				SetLoadedEditorAssemblies (0ms)
				RefreshPlugins (30ms)
				BeforeProcessingInitializeOnLoad (1ms)
				ProcessInitializeOnLoadAttributes (117ms)
				ProcessInitializeOnLoadMethodAttributes (28ms)
				AfterProcessingInitializeOnLoad (0ms)
				EditorAssembliesLoaded (0ms)
			ExecutionOrderSort2 (0ms)
			AwakeInstancesAfterBackupRestoration (0ms)
Platform modules already initialized, skipping
Registering precompiled user dll's ...
Registered in 0.001872 seconds.
Begin MonoManager ReloadAssembly
Native extension for LinuxStandalone target not found
Native extension for WindowsStandalone target not found
Native extension for OSXStandalone target not found
Refreshing native plugins compatible for Editor in 30.08 ms, found 3 plugins.
Preloading 0 native plugins for Editor in 0.00 ms.
Mono: successfully reloaded assembly
- Completed reload, in  1.020 seconds
Domain Reload Profiling:
	ReloadAssembly (1020ms)
		BeginReloadAssembly (153ms)
			ExecutionOrderSort (0ms)
			DisableScriptedObjects (5ms)
			BackupInstance (0ms)
			ReleaseScriptingObjects (0ms)
			CreateAndSetChildDomain (20ms)
		EndReloadAssembly (806ms)
			LoadAssemblies (93ms)
			RebuildTransferFunctionScriptingTraits (0ms)
			SetupTypeCache (282ms)
			ReleaseScriptCaches (0ms)
			RebuildScriptCaches (40ms)
			SetupLoadedEditorAssemblies (311ms)
				LogAssemblyErrors (0ms)
				InitializePlatformSupportModulesInManaged (6ms)
				SetLoadedEditorAssemblies (0ms)
				RefreshPlugins (30ms)
				BeforeProcessingInitializeOnLoad (46ms)
				ProcessInitializeOnLoadAttributes (217ms)
				ProcessInitializeOnLoadMethodAttributes (4ms)
				AfterProcessingInitializeOnLoad (7ms)
				EditorAssembliesLoaded (0ms)
			ExecutionOrderSort2 (0ms)
			AwakeInstancesAfterBackupRestoration (7ms)
Platform modules already initialized, skipping
========================================================================
Worker process is ready to serve import requests
Launched and connected shader compiler UnityShaderCompiler.exe after 0.05 seconds
Refreshing native plugins compatible for Editor in 0.32 ms, found 3 plugins.
Preloading 0 native plugins for Editor in 0.00 ms.
Unloading 1525 Unused Serialized files (Serialized files now loaded: 0)
System memory in use before: 76.7 MB.
System memory in use after: 76.4 MB.

Unloading 22 unused Assets to reduce memory usage. Loaded Objects now: 1975.
Total: 2.682200 ms (FindLiveObjects: 0.134200 ms CreateObjectMapping: 0.049500 ms MarkObjects: 2.171300 ms  DeleteObjects: 0.326300 ms)

AssetImportParameters requested are different than current active one (requested -> active):
  custom:framework-win-MediaFoundation: 216162199b28c13a410421893ffa2e32 -> 
  custom:video-decoder-ogg-theora: a1e56fd34408186e4bbccfd4996cb3dc -> 
  custom:container-muxer-webm: aa71ff27fc2769a1b78a27578f13a17b -> 
  custom:container-demuxer-webm: 4f35f7cbe854078d1ac9338744f61a02 -> 
  custom:container-demuxer-ogg: 62fdf1f143b41e24485cea50d1cbac27 -> 
  custom:video-encoder-webm-vp8: eb34c28f22e8b96e1ab97ce403110664 -> 
  custom:video-decoder-webm-vp8: 9c59270c3fd7afecdb556c50c9e8de78 -> 
  custom:audio-decoder-ogg-vorbis: bf7c407c2cedff20999df2af8eb42d56 -> 
  custom:audio-encoder-webm-vorbis: bf7c407c2cedff20999df2af8eb42d56 -> 
========================================================================
Received Import Request.
  path: Assets/Textures/theNightMenuBox.png
  artifactKey: Guid(a95d3985fac04ab438f9e996fa81ff70) Importer(815301076,1909f56bfc062723c751e8b465ee728b)
Start importing Assets/Textures/theNightMenuBox.png using Guid(a95d3985fac04ab438f9e996fa81ff70) Importer(815301076,1909f56bfc062723c751e8b465ee728b)  -> (artifact id: '980b706720b87ba955e95fac8c3f36d9') in 0.072259 seconds 
========================================================================
Received Import Request.
  Time since last request: 12.891318 seconds.
  path: Assets/Scenes/Level.unity
  artifactKey: Guid(9fc0d4010bbf28b4594072e72b8655ab) Importer(815301076,1909f56bfc062723c751e8b465ee728b)
Start importing Assets/Scenes/Level.unity using Guid(9fc0d4010bbf28b4594072e72b8655ab) Importer(815301076,1909f56bfc062723c751e8b465ee728b)  -> (artifact id: '252863d1208d185ce15b94bb9b0f7e57') in 0.004070 seconds 
========================================================================
Received Import Request.
  Time since last request: 51.585962 seconds.
  path: Assets/Prefabs/Turret.prefab
  artifactKey: Guid(1098b6cae00c4c841ba138cdbd9806bc) Importer(815301076,1909f56bfc062723c751e8b465ee728b)
Start importing Assets/Prefabs/Turret.prefab using Guid(1098b6cae00c4c841ba138cdbd9806bc) Importer(815301076,1909f56bfc062723c751e8b465ee728b)  -> (artifact id: '20fc9150b9808ed511d920ca0c1a8385') in 0.055943 seconds 
========================================================================
Received Import Request.
  Time since last request: 16.665910 seconds.
  path: Assets/Prefabs/Turret.prefab
  artifactKey: Guid(1098b6cae00c4c841ba138cdbd9806bc) Importer(815301076,1909f56bfc062723c751e8b465ee728b)
Start importing Assets/Prefabs/Turret.prefab using Guid(1098b6cae00c4c841ba138cdbd9806bc) Importer(815301076,1909f56bfc062723c751e8b465ee728b)  -> (artifact id: '9540b4d4e24ac919412a25d629237946') in 0.061416 seconds 
========================================================================
Received Import Request.
  Time since last request: 4.989594 seconds.
  path: Assets/Prefabs/Turret.prefab
  artifactKey: Guid(1098b6cae00c4c841ba138cdbd9806bc) Importer(815301076,1909f56bfc062723c751e8b465ee728b)
Start importing Assets/Prefabs/Turret.prefab using Guid(1098b6cae00c4c841ba138cdbd9806bc) Importer(815301076,1909f56bfc062723c751e8b465ee728b)  -> (artifact id: '8c4a21ef6d29779b5042d83b7ee5c425') in 0.009509 seconds 
========================================================================
Received Import Request.
  Time since last request: 16.702087 seconds.
  path: Assets/Prefabs/Turret.prefab
  artifactKey: Guid(1098b6cae00c4c841ba138cdbd9806bc) Importer(815301076,1909f56bfc062723c751e8b465ee728b)
Start importing Assets/Prefabs/Turret.prefab using Guid(1098b6cae00c4c841ba138cdbd9806bc) Importer(815301076,1909f56bfc062723c751e8b465ee728b)  -> (artifact id: '6649eaa1f20af9d150b63006891c94b7') in 0.010788 seconds 
========================================================================
Received Import Request.
  Time since last request: 7.462876 seconds.
  path: Assets/Prefabs/Turret.prefab
  artifactKey: Guid(1098b6cae00c4c841ba138cdbd9806bc) Importer(815301076,1909f56bfc062723c751e8b465ee728b)
Start importing Assets/Prefabs/Turret.prefab using Guid(1098b6cae00c4c841ba138cdbd9806bc) Importer(815301076,1909f56bfc062723c751e8b465ee728b)  -> (artifact id: 'ae133790beac82cb51718c2747da56b2') in 0.017848 seconds 
========================================================================
Received Import Request.
  Time since last request: 38.879821 seconds.
  path: Assets/Prefabs/Turret.prefab
  artifactKey: Guid(1098b6cae00c4c841ba138cdbd9806bc) Importer(815301076,1909f56bfc062723c751e8b465ee728b)
Start importing Assets/Prefabs/Turret.prefab using Guid(1098b6cae00c4c841ba138cdbd9806bc) Importer(815301076,1909f56bfc062723c751e8b465ee728b)  -> (artifact id: 'c088a6f69ff0255b278c77c018a874ba') in 0.008758 seconds 
========================================================================
Received Import Request.
  Time since last request: 5.830884 seconds.
  path: Assets/Prefabs/Turret.prefab
  artifactKey: Guid(1098b6cae00c4c841ba138cdbd9806bc) Importer(815301076,1909f56bfc062723c751e8b465ee728b)
Start importing Assets/Prefabs/Turret.prefab using Guid(1098b6cae00c4c841ba138cdbd9806bc) Importer(815301076,1909f56bfc062723c751e8b465ee728b)  -> (artifact id: '991b109a15a1772c6e6e90b189eb1947') in 0.009621 seconds 
========================================================================
Received Import Request.
  Time since last request: 4.848713 seconds.
  path: Assets/Prefabs/Gate.prefab
  artifactKey: Guid(c8f20295f35caf34a96ebe6134f8ae5f) Importer(815301076,1909f56bfc062723c751e8b465ee728b)
Start importing Assets/Prefabs/Gate.prefab using Guid(c8f20295f35caf34a96ebe6134f8ae5f) Importer(815301076,1909f56bfc062723c751e8b465ee728b)  -> (artifact id: 'c45b97ce943423f7f4370752779f963f') in 0.021049 seconds 
========================================================================
Received Import Request.
  Time since last request: 0.000282 seconds.
  path: Assets/Prefabs/Settlement.prefab
  artifactKey: Guid(786667bd52c782d47abb9f6feca7acdb) Importer(815301076,1909f56bfc062723c751e8b465ee728b)
Start importing Assets/Prefabs/Settlement.prefab using Guid(786667bd52c782d47abb9f6feca7acdb) Importer(815301076,1909f56bfc062723c751e8b465ee728b)  -> (artifact id: '583684e263f3042413829af9eac330a4') in 0.017046 seconds 
========================================================================
Received Import Request.
  Time since last request: 17.157004 seconds.
  path: Assets/Textures/theNightMenuBoxOutline.png
  artifactKey: Guid(f9d466b2303675b4393815fd2ad7f76c) Importer(815301076,1909f56bfc062723c751e8b465ee728b)
Start importing Assets/Textures/theNightMenuBoxOutline.png using Guid(f9d466b2303675b4393815fd2ad7f76c) Importer(815301076,1909f56bfc062723c751e8b465ee728b)  -> (artifact id: '3db717d8908a2f31971e2554be26d24e') in 0.007579 seconds 
========================================================================
Received Import Request.
  Time since last request: 0.000290 seconds.
  path: Assets/Textures/theNightMenuBoxStyling.png
  artifactKey: Guid(47e4e774b95ab6746bbb2257b8aa28d7) Importer(815301076,1909f56bfc062723c751e8b465ee728b)
Start importing Assets/Textures/theNightMenuBoxStyling.png using Guid(47e4e774b95ab6746bbb2257b8aa28d7) Importer(815301076,1909f56bfc062723c751e8b465ee728b)  -> (artifact id: '6e740e2bfe189fabaee681fc470b028e') in 0.023508 seconds 
========================================================================
Received Import Request.
  Time since last request: 9.097225 seconds.
  path: Assets/Textures/theNightMenuBox.png
  artifactKey: Guid(a95d3985fac04ab438f9e996fa81ff70) Importer(815301076,1909f56bfc062723c751e8b465ee728b)
Start importing Assets/Textures/theNightMenuBox.png using Guid(a95d3985fac04ab438f9e996fa81ff70) Importer(815301076,1909f56bfc062723c751e8b465ee728b)  -> (artifact id: '541d777d1f2f064f3b533507037f3dff') in 0.024968 seconds 
========================================================================
Received Import Request.
  Time since last request: 16.939875 seconds.
  path: Assets/Textures/theNightMenuBoxOutline.png
  artifactKey: Guid(f9d466b2303675b4393815fd2ad7f76c) Importer(815301076,1909f56bfc062723c751e8b465ee728b)
Start importing Assets/Textures/theNightMenuBoxOutline.png using Guid(f9d466b2303675b4393815fd2ad7f76c) Importer(815301076,1909f56bfc062723c751e8b465ee728b)  -> (artifact id: 'fad49ba92ec532ab465ce20d0c59d48b') in 0.029350 seconds 
========================================================================
Received Import Request.
  Time since last request: 76.968133 seconds.
  path: Assets/Textures/theNightMenuBoxOutline.png
  artifactKey: Guid(f9d466b2303675b4393815fd2ad7f76c) Importer(815301076,1909f56bfc062723c751e8b465ee728b)
Start importing Assets/Textures/theNightMenuBoxOutline.png using Guid(f9d466b2303675b4393815fd2ad7f76c) Importer(815301076,1909f56bfc062723c751e8b465ee728b)  -> (artifact id: 'a47034503b251431dd85771d5dfc979c') in 0.017510 seconds 
========================================================================
Received Import Request.
  Time since last request: 38.168876 seconds.
  path: Assets/Textures/theNightMenuBoxStyling.png
  artifactKey: Guid(47e4e774b95ab6746bbb2257b8aa28d7) Importer(815301076,1909f56bfc062723c751e8b465ee728b)
Start importing Assets/Textures/theNightMenuBoxStyling.png using Guid(47e4e774b95ab6746bbb2257b8aa28d7) Importer(815301076,1909f56bfc062723c751e8b465ee728b)  -> (artifact id: 'ff49d3709c4b692c5f49f76ddd20a8b5') in 0.020067 seconds 
========================================================================
Received Import Request.
  Time since last request: 70.789932 seconds.
  path: Assets/Prefabs/Turret.prefab
  artifactKey: Guid(1098b6cae00c4c841ba138cdbd9806bc) Importer(815301076,1909f56bfc062723c751e8b465ee728b)
Start importing Assets/Prefabs/Turret.prefab using Guid(1098b6cae00c4c841ba138cdbd9806bc) Importer(815301076,1909f56bfc062723c751e8b465ee728b)  -> (artifact id: '42e20b9204491d739f5f16df4036bfdd') in 0.009522 seconds 
========================================================================
Received Import Request.
  Time since last request: 162.362772 seconds.
  path: Assets/Prefabs/Turret.prefab
  artifactKey: Guid(1098b6cae00c4c841ba138cdbd9806bc) Importer(815301076,1909f56bfc062723c751e8b465ee728b)
Start importing Assets/Prefabs/Turret.prefab using Guid(1098b6cae00c4c841ba138cdbd9806bc) Importer(815301076,1909f56bfc062723c751e8b465ee728b)  -> (artifact id: 'd57b2a31fd185d50dd8820e77a2ffbaa') in 0.009817 seconds 
========================================================================
Received Import Request.
  Time since last request: 25.855567 seconds.
  path: Assets/Prefabs/Turret.prefab
  artifactKey: Guid(1098b6cae00c4c841ba138cdbd9806bc) Importer(815301076,1909f56bfc062723c751e8b465ee728b)
Start importing Assets/Prefabs/Turret.prefab using Guid(1098b6cae00c4c841ba138cdbd9806bc) Importer(815301076,1909f56bfc062723c751e8b465ee728b)  -> (artifact id: 'c3c9c73f09173f046c1885ab870dd82a') in 0.010619 seconds 
========================================================================
Received Import Request.
  Time since last request: 69.310774 seconds.
  path: Assets/Prefabs/Gate.prefab
  artifactKey: Guid(c8f20295f35caf34a96ebe6134f8ae5f) Importer(815301076,1909f56bfc062723c751e8b465ee728b)
Start importing Assets/Prefabs/Gate.prefab using Guid(c8f20295f35caf34a96ebe6134f8ae5f) Importer(815301076,1909f56bfc062723c751e8b465ee728b)  -> (artifact id: 'c27e2a23c2caa1d5e35822140c320070') in 0.011301 seconds 
========================================================================
Received Import Request.
  Time since last request: 0.000310 seconds.
  path: Assets/Prefabs/HealthBarCanvas.prefab
  artifactKey: Guid(6b1b8dc5bf0cd0649b6f2e47ff5f5642) Importer(815301076,1909f56bfc062723c751e8b465ee728b)
Start importing Assets/Prefabs/HealthBarCanvas.prefab using Guid(6b1b8dc5bf0cd0649b6f2e47ff5f5642) Importer(815301076,1909f56bfc062723c751e8b465ee728b)  -> (artifact id: 'dbf156be43feeffe5b4989af3d4dc0e3') in 0.004011 seconds 
========================================================================
Received Import Request.
  Time since last request: 0.000350 seconds.
  path: Assets/Prefabs/Settlement.prefab
  artifactKey: Guid(786667bd52c782d47abb9f6feca7acdb) Importer(815301076,1909f56bfc062723c751e8b465ee728b)
Start importing Assets/Prefabs/Settlement.prefab using Guid(786667bd52c782d47abb9f6feca7acdb) Importer(815301076,1909f56bfc062723c751e8b465ee728b)  -> (artifact id: 'e71b8793265b2fd0f18484045b07c8ec') in 0.016619 seconds 
========================================================================
Received Prepare
Registering precompiled user dll's ...
Registered in 0.002236 seconds.
Begin MonoManager ReloadAssembly
Native extension for LinuxStandalone target not found
Native extension for WindowsStandalone target not found
Native extension for OSXStandalone target not found
Refreshing native plugins compatible for Editor in 0.32 ms, found 3 plugins.
Preloading 0 native plugins for Editor in 0.00 ms.
Mono: successfully reloaded assembly
- Completed reload, in  0.910 seconds
Domain Reload Profiling:
	ReloadAssembly (910ms)
		BeginReloadAssembly (113ms)
			ExecutionOrderSort (0ms)
			DisableScriptedObjects (4ms)
			BackupInstance (0ms)
			ReleaseScriptingObjects (0ms)
			CreateAndSetChildDomain (30ms)
		EndReloadAssembly (738ms)
			LoadAssemblies (91ms)
			RebuildTransferFunctionScriptingTraits (0ms)
			SetupTypeCache (271ms)
			ReleaseScriptCaches (1ms)
			RebuildScriptCaches (33ms)
			SetupLoadedEditorAssemblies (249ms)
				LogAssemblyErrors (0ms)
				InitializePlatformSupportModulesInManaged (7ms)
				SetLoadedEditorAssemblies (0ms)
				RefreshPlugins (0ms)
				BeforeProcessingInitializeOnLoad (41ms)
				ProcessInitializeOnLoadAttributes (189ms)
				ProcessInitializeOnLoadMethodAttributes (4ms)
				AfterProcessingInitializeOnLoad (7ms)
				EditorAssembliesLoaded (0ms)
			ExecutionOrderSort2 (0ms)
			AwakeInstancesAfterBackupRestoration (12ms)
Platform modules already initialized, skipping
Refreshing native plugins compatible for Editor in 0.32 ms, found 3 plugins.
Preloading 0 native plugins for Editor in 0.00 ms.
Unloading 1490 Unused Serialized files (Serialized files now loaded: 0)
System memory in use before: 84.4 MB.
System memory in use after: 84.2 MB.

Unloading 17 unused Assets to reduce memory usage. Loaded Objects now: 2094.
Total: 2.604300 ms (FindLiveObjects: 0.139200 ms CreateObjectMapping: 0.049200 ms MarkObjects: 2.234300 ms  DeleteObjects: 0.180700 ms)

AssetImportParameters requested are different than current active one (requested -> active):
  custom:framework-win-MediaFoundation: 216162199b28c13a410421893ffa2e32 -> 
  custom:video-decoder-ogg-theora: a1e56fd34408186e4bbccfd4996cb3dc -> 
  custom:container-muxer-webm: aa71ff27fc2769a1b78a27578f13a17b -> 
  custom:container-demuxer-webm: 4f35f7cbe854078d1ac9338744f61a02 -> 
  custom:container-demuxer-ogg: 62fdf1f143b41e24485cea50d1cbac27 -> 
  custom:video-encoder-webm-vp8: eb34c28f22e8b96e1ab97ce403110664 -> 
  custom:video-decoder-webm-vp8: 9c59270c3fd7afecdb556c50c9e8de78 -> 
  custom:audio-decoder-ogg-vorbis: bf7c407c2cedff20999df2af8eb42d56 -> 
  custom:audio-encoder-webm-vorbis: bf7c407c2cedff20999df2af8eb42d56 -> 
========================================================================
Received Import Request.
  Time since last request: 676.838677 seconds.
  path: Assets/Prefabs/Turret.prefab
  artifactKey: Guid(1098b6cae00c4c841ba138cdbd9806bc) Importer(815301076,1909f56bfc062723c751e8b465ee728b)
Start importing Assets/Prefabs/Turret.prefab using Guid(1098b6cae00c4c841ba138cdbd9806bc) Importer(815301076,1909f56bfc062723c751e8b465ee728b)  -> (artifact id: '216c43af885590ba3e5ba4cd18337510') in 0.056287 seconds 
========================================================================
Received Import Request.
  Time since last request: 9.713334 seconds.
  path: Assets/Prefabs/Turret.prefab
  artifactKey: Guid(1098b6cae00c4c841ba138cdbd9806bc) Importer(815301076,1909f56bfc062723c751e8b465ee728b)
Start importing Assets/Prefabs/Turret.prefab using Guid(1098b6cae00c4c841ba138cdbd9806bc) Importer(815301076,1909f56bfc062723c751e8b465ee728b)  -> (artifact id: 'e44533728ad77ced14e6c5d5f5a91733') in 0.014150 seconds 
========================================================================
Received Import Request.
  Time since last request: 578.123378 seconds.
  path: Assets/Textures/IncreaseButtonTheNight.png
  artifactKey: Guid(a35e683f74a326a41abc6d82d37c35e6) Importer(815301076,1909f56bfc062723c751e8b465ee728b)
Start importing Assets/Textures/IncreaseButtonTheNight.png using Guid(a35e683f74a326a41abc6d82d37c35e6) Importer(815301076,1909f56bfc062723c751e8b465ee728b)  -> (artifact id: 'ab87132b9944deb7c98b735e11c4764a') in 0.027037 seconds 
========================================================================
Received Import Request.
  Time since last request: 0.019577 seconds.
  path: Assets/Textures/increase.png
  artifactKey: Guid(4737e6fc1ccb68c47998e8ad493180c2) Importer(815301076,1909f56bfc062723c751e8b465ee728b)
Start importing Assets/Textures/increase.png using Guid(4737e6fc1ccb68c47998e8ad493180c2) Importer(815301076,1909f56bfc062723c751e8b465ee728b)  -> (artifact id: '8722ebd9fa4d4d19b3fcc6491ce5b2ce') in 0.014853 seconds 
========================================================================
Received Import Request.
  Time since last request: 9.337078 seconds.
  path: Assets/Textures/increase.png
  artifactKey: Guid(4737e6fc1ccb68c47998e8ad493180c2) Importer(815301076,1909f56bfc062723c751e8b465ee728b)
Start importing Assets/Textures/increase.png using Guid(4737e6fc1ccb68c47998e8ad493180c2) Importer(815301076,1909f56bfc062723c751e8b465ee728b)  -> (artifact id: '50d597dc6c7b9bee7473aa48fd6d686a') in 0.017684 seconds 
========================================================================
Received Import Request.
  Time since last request: 0.000310 seconds.
  path: Assets/Textures/IncreaseButtonTheNight.png
  artifactKey: Guid(a35e683f74a326a41abc6d82d37c35e6) Importer(815301076,1909f56bfc062723c751e8b465ee728b)
Start importing Assets/Textures/IncreaseButtonTheNight.png using Guid(a35e683f74a326a41abc6d82d37c35e6) Importer(815301076,1909f56bfc062723c751e8b465ee728b)  -> (artifact id: '47696cf397f85e5e439039d8212c219f') in 0.014471 seconds 
========================================================================
Received Import Request.
  Time since last request: 860.641119 seconds.
  path: Assets/TextMesh Pro/Resources/Fonts & Materials/LiberationSans SDF - Drop Shadow.mat
  artifactKey: Guid(e73a58f6e2794ae7b1b7e50b7fb811b0) Importer(815301076,1909f56bfc062723c751e8b465ee728b)
Start importing Assets/TextMesh Pro/Resources/Fonts & Materials/LiberationSans SDF - Drop Shadow.mat using Guid(e73a58f6e2794ae7b1b7e50b7fb811b0) Importer(815301076,1909f56bfc062723c751e8b465ee728b)  -> (artifact id: 'ca0d2861f60500f05bd29199894f7bb5') in 0.101917 seconds 
========================================================================
Received Import Request.
  Time since last request: 0.000293 seconds.
  path: Assets/TextMesh Pro/Resources/Fonts & Materials/LiberationSans SDF - Outline.mat
  artifactKey: Guid(79459efec17a4d00a321bdcc27bbc385) Importer(815301076,1909f56bfc062723c751e8b465ee728b)
Start importing Assets/TextMesh Pro/Resources/Fonts & Materials/LiberationSans SDF - Outline.mat using Guid(79459efec17a4d00a321bdcc27bbc385) Importer(815301076,1909f56bfc062723c751e8b465ee728b)  -> (artifact id: '289988fcecf3b00d1602f8d2b589f7dd') in 0.072862 seconds 
========================================================================
Received Import Request.
  Time since last request: 0.000327 seconds.
  path: Assets/TextMesh Pro/Resources/Fonts & Materials/LiberationSans SDF - Fallback.asset
  artifactKey: Guid(2e498d1c8094910479dc3e1b768306a4) Importer(815301076,1909f56bfc062723c751e8b465ee728b)
Start importing Assets/TextMesh Pro/Resources/Fonts & Materials/LiberationSans SDF - Fallback.asset using Guid(2e498d1c8094910479dc3e1b768306a4) Importer(815301076,1909f56bfc062723c751e8b465ee728b)  -> (artifact id: 'b8c2210586957436df79bf961aeff06e') in 0.033978 seconds 
========================================================================
Received Import Request.
  Time since last request: 0.000296 seconds.
  path: Assets/TextMesh Pro/Resources/Fonts & Materials/LiberationSans SDF.asset
  artifactKey: Guid(8f586378b4e144a9851e7b34d9b748ee) Importer(815301076,1909f56bfc062723c751e8b465ee728b)
Start importing Assets/TextMesh Pro/Resources/Fonts & Materials/LiberationSans SDF.asset using Guid(8f586378b4e144a9851e7b34d9b748ee) Importer(815301076,1909f56bfc062723c751e8b465ee728b)  -> (artifact id: 'f1280cc7be10b532b2897fc8654f95d3') in 0.036149 seconds 
========================================================================
Received Import Request.
  Time since last request: 13.002671 seconds.
  path: Assets/TextMesh Pro
  artifactKey: Guid(f54d1bd14bd3ca042bd867b519fee8cc) Importer(815301076,1909f56bfc062723c751e8b465ee728b)
Start importing Assets/TextMesh Pro using Guid(f54d1bd14bd3ca042bd867b519fee8cc) Importer(815301076,1909f56bfc062723c751e8b465ee728b)  -> (artifact id: '16b4cbde9565bf190136f1148817e1ea') in 0.003087 seconds 
========================================================================
Received Import Request.
  Time since last request: 871.029931 seconds.
  path: Assets/Prefabs/Turret.prefab
  artifactKey: Guid(1098b6cae00c4c841ba138cdbd9806bc) Importer(815301076,1909f56bfc062723c751e8b465ee728b)
Start importing Assets/Prefabs/Turret.prefab using Guid(1098b6cae00c4c841ba138cdbd9806bc) Importer(815301076,1909f56bfc062723c751e8b465ee728b)  -> (artifact id: 'd0071ff0c1fb79d3e889122da623ebb3') in 0.047159 seconds 
========================================================================
Received Import Request.
  Time since last request: 29.674603 seconds.
  path: Assets/Prefabs/Turret.prefab
  artifactKey: Guid(1098b6cae00c4c841ba138cdbd9806bc) Importer(815301076,1909f56bfc062723c751e8b465ee728b)
Start importing Assets/Prefabs/Turret.prefab using Guid(1098b6cae00c4c841ba138cdbd9806bc) Importer(815301076,1909f56bfc062723c751e8b465ee728b)  -> (artifact id: 'ba2b58ac443bd7fe47f262635838f06c') in 0.029658 seconds 
========================================================================
Received Import Request.
  Time since last request: 17.726815 seconds.
  path: Assets/Prefabs/Turret.prefab
  artifactKey: Guid(1098b6cae00c4c841ba138cdbd9806bc) Importer(815301076,1909f56bfc062723c751e8b465ee728b)
Start importing Assets/Prefabs/Turret.prefab using Guid(1098b6cae00c4c841ba138cdbd9806bc) Importer(815301076,1909f56bfc062723c751e8b465ee728b)  -> (artifact id: '2cf47437fd4401fc1de7c8b5a7b266db') in 0.031541 seconds 
========================================================================
Received Import Request.
  Time since last request: 37.876124 seconds.
  path: Assets/Prefabs/Turret.prefab
  artifactKey: Guid(1098b6cae00c4c841ba138cdbd9806bc) Importer(815301076,1909f56bfc062723c751e8b465ee728b)
Start importing Assets/Prefabs/Turret.prefab using Guid(1098b6cae00c4c841ba138cdbd9806bc) Importer(815301076,1909f56bfc062723c751e8b465ee728b)  -> (artifact id: '2da8e36762efe4935658ed04d00af9c2') in 0.032075 seconds 
========================================================================
Received Import Request.
  Time since last request: 7.821846 seconds.
  path: Assets/Prefabs/Turret.prefab
  artifactKey: Guid(1098b6cae00c4c841ba138cdbd9806bc) Importer(815301076,1909f56bfc062723c751e8b465ee728b)
Start importing Assets/Prefabs/Turret.prefab using Guid(1098b6cae00c4c841ba138cdbd9806bc) Importer(815301076,1909f56bfc062723c751e8b465ee728b)  -> (artifact id: '89c5e0ca1fc648d3b8940b753d31cb7a') in 0.032283 seconds 
========================================================================
Received Import Request.
  Time since last request: 3.169547 seconds.
  path: Assets/Prefabs/Turret.prefab
  artifactKey: Guid(1098b6cae00c4c841ba138cdbd9806bc) Importer(815301076,1909f56bfc062723c751e8b465ee728b)
Start importing Assets/Prefabs/Turret.prefab using Guid(1098b6cae00c4c841ba138cdbd9806bc) Importer(815301076,1909f56bfc062723c751e8b465ee728b)  -> (artifact id: '89b1eee2b983e15e48493af4bf72870a') in 0.028620 seconds 
AssetImportWorkerClient::OnTransportError - code=2 error=End of file
